<?xml version="1.0" encoding="UTF-8"?>
<!-- Generated by org.testng.reporters.JUnitReportReporter -->
<testsuite hostname="DESKTOP-FVU0TVR" failures="0" tests="2" name="com.scs.basicexample.GroupExample" time="0.016" errors="0" timestamp="2025-05-16T20:00:40 IST" skipped="0">
  <testcase classname="com.scs.basicexample.GroupExample" name="fun4" time="0.001"/>
  <testcase classname="com.scs.basicexample.GroupExample" name="fun2" time="0.015"/>
</testsuite> <!-- com.scs.basicexample.GroupExample -->
