<?xml version="1.0" encoding="UTF-8"?>
<!-- Generated by org.testng.reporters.JUnitReportReporter -->
<testsuite hostname="DESKTOP-FVU0TVR" failures="0" tests="2" name="com.scs.basicexample.MyTestCaseExampleNew" time="0.021" errors="0" timestamp="2025-05-16T19:28:01 IST" skipped="0">
  <testcase classname="com.scs.basicexample.MyTestCaseExampleNew" name="Login" time="0.013"/>
  <testcase classname="com.scs.basicexample.MyTestCaseExampleNew" name="Reg" time="0.008"/>
</testsuite> <!-- com.scs.basicexample.MyTestCaseExampleNew -->
