<?xml version="1.0" encoding="UTF-8"?>
<!-- Generated by org.testng.reporters.JUnitReportReporter -->
<testsuite hostname="DESKTOP-FVU0TVR" failures="0" tests="1" name="com.scs.basicexample.Test1" time="0.008" errors="0" timestamp="2025-05-16T19:56:09 IST" skipped="0">
  <testcase classname="com.scs.basicexample.Test1" name="f" time="0.008"/>
</testsuite> <!-- com.scs.basicexample.Test1 -->
