<?xml version="1.0" encoding="UTF-8"?>
<!-- Generated by org.testng.reporters.JUnitReportReporter -->
<testsuite hostname="DESKTOP-FVU0TVR" failures="0" tests="2" name="com.scs.basicexample.MySecondTestNGExample" time="0.015" errors="0" timestamp="2025-05-12T19:41:57 IST" skipped="0">
  <testcase classname="com.scs.basicexample.MySecondTestNGExample" name="fun2" time="0.013"/>
  <testcase classname="com.scs.basicexample.MySecondTestNGExample" name="fun1" time="0.002"/>
</testsuite> <!-- com.scs.basicexample.MySecondTestNGExample -->
