<?xml version="1.0" encoding="UTF-8"?>
<!-- Generated by org.testng.reporters.JUnitReportReporter -->
<testsuite hostname="DESKTOP-FVU0TVR" failures="0" tests="2" name="com.scs.basicexample.MyFirstTestNGClass" time="15.013" errors="0" timestamp="2025-05-12T19:38:53 IST" skipped="0">
  <testcase classname="com.scs.basicexample.MyFirstTestNGClass" name="f" time="6.146"/>
  <testcase classname="com.scs.basicexample.MyFirstTestNGClass" name="f1" time="8.867"/>
</testsuite> <!-- com.scs.basicexample.MyFirstTestNGClass -->
